<?xml version="1.0" encoding="UTF-8"?>
<testsuite xmlns:xsi="http://www.w3.org/2001/XMLSchema-instance" xsi:noNamespaceSchemaLocation="https://maven.apache.org/surefire/maven-surefire-plugin/xsd/surefire-test-report-3.0.xsd" version="3.0" name="implementaciones.ArrayListTest" time="0.07" tests="6" errors="0" skipped="0" failures="0">
  <properties>
[...]
</properties>
  <testcase name="testEmptyAndSize" classname="implementaciones.ArrayListTest" time="0.03"/>
  <testcase name="testAppend_Integer" classname="implementaciones.ArrayListTest" time="0.002"/>
  <testcase name="testInsert_String" classname="implementaciones.ArrayListTest" time="0.001"/>
  <testcase name="testExcepciones" classname="implementaciones.ArrayListTest" time="0.004"/>
  <testcase name="testGetAndRemove" classname="implementaciones.ArrayListTest" time="0.0"/>
  <testcase name="testIterator" classname="implementaciones.ArrayListTest" time="0.0"/>
</testsuite>